<?xml version="1.0" encoding="UTF-8"?>
<!-- Generated by org.testng.reporters.JUnitReportReporter -->
<testsuite hostname="LAPTOP-M91AUNCP" failures="0" tests="1" name="organizationTest.CreateOrgTest" time="0.007" errors="0" timestamp="2022-12-20T21:36:39 IST" skipped="0">
  <testcase classname="organizationTest.CreateOrgTest" name="tc_210_CreateOrgaWithMandatoryFields" time="0.007"/>
  <system-out/>
</testsuite> <!-- organizationTest.CreateOrgTest -->
