<?xml version="1.0" encoding="UTF-8"?>
<!-- Generated by org.testng.reporters.JUnitReportReporter -->
<testsuite hostname="LAPTOP-M91AUNCP" failures="0" tests="1" name="Demo.SampleTest1" time="0.007" errors="0" timestamp="2022-12-16T13:53:25 IST" skipped="0">
  <testcase classname="Demo.SampleTest1" name="sampleTest" time="0.007"/>
  <system-out/>
</testsuite> <!-- Demo.SampleTest1 -->
